
============================================================
WINDOW: 2004-12-31
============================================================
  Ingest: train=16282, eval=4071
  Drift check: skipped (baseline window)
  Trained pipeline on 16282 samples
  Eval (active 2004-12-31): {'model_date': '2004-12-31', 'eval_window_date': '2004-12-31', 'accuracy': 0.8843, 'f1': 0.1163, 'precision': 0.1703, 'recall': 0.0883, 'roc_auc': 0.6079}

============================================================
WINDOW: 2005-12-31
============================================================
  Ingest: train=16282, eval=4071
  Drifted columns (14): ['num_lab_procedures', 'num_medications', 'num_procedures', 'number_diagnoses', 'number_emergency', 'number_outpatient', 'time_in_hospital', 'A1Cresult', 'admission_source_id', 'admission_type_id', 'discharge_disposition_id', 'medical_specialty', 'payer_code', 'weight']
  Drift detected: True
  Trained pipeline on 16282 samples
  Eval (active 2005-12-31): {'model_date': '2005-12-31', 'eval_window_date': '2005-12-31', 'accuracy': 0.8799, 'f1': 0.1125, 'precision': 0.1535, 'recall': 0.0888, 'roc_auc': 0.5988}
  Eval (prev   2004-12-31): {'model_date': '2004-12-31', 'eval_window_date': '2005-12-31', 'accuracy': 0.8811, 'f1': 0.0763, 'precision': 0.1143, 'recall': 0.0573, 'roc_auc': 0.5515}

============================================================
WINDOW: 2006-12-31
============================================================
  Ingest: train=16282, eval=4071
  Drifted columns (12): ['num_lab_procedures', 'num_medications', 'num_procedures', 'number_diagnoses', 'number_emergency', 'number_outpatient', 'time_in_hospital', 'A1Cresult', 'admission_source_id', 'max_glu_serum', 'medical_specialty', 'weight']
  Drift detected: True
  Trained pipeline on 16282 samples
  Eval (active 2006-12-31): {'model_date': '2006-12-31', 'eval_window_date': '2006-12-31', 'accuracy': 0.8865, 'f1': 0.087, 'precision': 0.135, 'recall': 0.0641, 'roc_auc': 0.5735}
  Eval (prev   2005-12-31): {'model_date': '2005-12-31', 'eval_window_date': '2006-12-31', 'accuracy': 0.8784, 'f1': 0.1176, 'precision': 0.1514, 'recall': 0.0962, 'roc_auc': 0.5692}

============================================================
WINDOW: 2007-12-31
============================================================
  Ingest: train=16282, eval=4071
  Drifted columns (12): ['num_lab_procedures', 'num_medications', 'num_procedures', 'number_diagnoses', 'number_emergency', 'number_inpatient', 'number_outpatient', 'time_in_hospital', 'admission_source_id', 'discharge_disposition_id', 'max_glu_serum', 'medical_specialty']
  Drift detected: True
  Trained pipeline on 16282 samples
  Eval (active 2007-12-31): {'model_date': '2007-12-31', 'eval_window_date': '2007-12-31', 'accuracy': 0.8199, 'f1': 0.1487, 'precision': 0.1524, 'recall': 0.1451, 'roc_auc': 0.5508}
  Eval (prev   2006-12-31): {'model_date': '2006-12-31', 'eval_window_date': '2007-12-31', 'accuracy': 0.8634, 'f1': 0.0733, 'precision': 0.1384, 'recall': 0.0499, 'roc_auc': 0.5225}

============================================================
WINDOW: 2008-12-31
============================================================
  Ingest: train=16283, eval=4071
  Drifted columns (10): ['num_lab_procedures', 'num_medications', 'num_procedures', 'number_diagnoses', 'number_emergency', 'number_inpatient', 'number_outpatient', 'time_in_hospital', 'max_glu_serum', 'medical_specialty']
  Drift detected: True
  Trained pipeline on 16283 samples
  Eval (active 2008-12-31): {'model_date': '2008-12-31', 'eval_window_date': '2008-12-31', 'accuracy': 0.6834, 'f1': 0.2762, 'precision': 0.2361, 'recall': 0.3329, 'roc_auc': 0.5741}
  Eval (prev   2007-12-31): {'model_date': '2007-12-31', 'eval_window_date': '2008-12-31', 'accuracy': 0.73, 'f1': 0.1865, 'precision': 0.2059, 'recall': 0.1705, 'roc_auc': 0.5425}
