
============================================================
WINDOW: 2004-12-31
============================================================
  Trained pipeline on 16282 samples
  Cold start → champion = 2004-12-31
  Metrics: {'model_date': '2004-12-31', 'eval_window_date': '2004-12-31', 'accuracy': 0.8843, 'f1': 0.1163, 'precision': 0.1703, 'recall': 0.0883, 'roc_auc': 0.6079}

============================================================
WINDOW: 2005-12-31
============================================================
  Drifted columns (14): ['num_lab_procedures', 'num_medications', 'num_procedures', 'number_diagnoses', 'number_emergency', 'number_outpatient', 'time_in_hospital', 'A1Cresult', 'admission_source_id', 'admission_type_id', 'discharge_disposition_id', 'medical_specialty', 'payer_code', 'weight']
  Drift detected: True
  Trained pipeline on 16282 samples
  PROMOTED: 2005-12-31  (F1 0.1125 vs 0.0763)
  Champion metrics:   {'model_date': '2004-12-31', 'eval_window_date': '2005-12-31', 'accuracy': 0.8811, 'f1': 0.0763, 'precision': 0.1143, 'recall': 0.0573, 'roc_auc': 0.5515}
  Challenger metrics: {'model_date': '2005-12-31', 'eval_window_date': '2005-12-31', 'accuracy': 0.8799, 'f1': 0.1125, 'precision': 0.1535, 'recall': 0.0888, 'roc_auc': 0.5988}

============================================================
WINDOW: 2006-12-31
============================================================
  Drifted columns (12): ['num_lab_procedures', 'num_medications', 'num_procedures', 'number_diagnoses', 'number_emergency', 'number_outpatient', 'time_in_hospital', 'A1Cresult', 'admission_source_id', 'max_glu_serum', 'medical_specialty', 'weight']
  Drift detected: True
  Trained pipeline on 16282 samples
  RETAINED: 2005-12-31  (F1 0.1176 vs challenger 0.0870)
  Champion metrics:   {'model_date': '2005-12-31', 'eval_window_date': '2006-12-31', 'accuracy': 0.8784, 'f1': 0.1176, 'precision': 0.1514, 'recall': 0.0962, 'roc_auc': 0.5692}
  Challenger metrics: {'model_date': '2006-12-31', 'eval_window_date': '2006-12-31', 'accuracy': 0.8865, 'f1': 0.087, 'precision': 0.135, 'recall': 0.0641, 'roc_auc': 0.5735}

============================================================
WINDOW: 2007-12-31
============================================================
  Drifted columns (12): ['num_lab_procedures', 'num_medications', 'num_procedures', 'number_diagnoses', 'number_emergency', 'number_inpatient', 'number_outpatient', 'time_in_hospital', 'admission_source_id', 'discharge_disposition_id', 'max_glu_serum', 'medical_specialty']
  Drift detected: True
  Trained pipeline on 16282 samples
  PROMOTED: 2007-12-31  (F1 0.1487 vs 0.1221)
  Champion metrics:   {'model_date': '2005-12-31', 'eval_window_date': '2007-12-31', 'accuracy': 0.8445, 'f1': 0.1221, 'precision': 0.1571, 'recall': 0.0998, 'roc_auc': 0.5451}
  Challenger metrics: {'model_date': '2007-12-31', 'eval_window_date': '2007-12-31', 'accuracy': 0.8199, 'f1': 0.1487, 'precision': 0.1524, 'recall': 0.1451, 'roc_auc': 0.5508}

============================================================
WINDOW: 2008-12-31
============================================================
  Drifted columns (10): ['num_lab_procedures', 'num_medications', 'num_procedures', 'number_diagnoses', 'number_emergency', 'number_inpatient', 'number_outpatient', 'time_in_hospital', 'max_glu_serum', 'medical_specialty']
  Drift detected: True
  Trained pipeline on 16283 samples
  PROMOTED: 2008-12-31  (F1 0.2762 vs 0.1865)
  Champion metrics:   {'model_date': '2007-12-31', 'eval_window_date': '2008-12-31', 'accuracy': 0.73, 'f1': 0.1865, 'precision': 0.2059, 'recall': 0.1705, 'roc_auc': 0.5425}
  Challenger metrics: {'model_date': '2008-12-31', 'eval_window_date': '2008-12-31', 'accuracy': 0.6834, 'f1': 0.2762, 'precision': 0.2361, 'recall': 0.3329, 'roc_auc': 0.5741}

============================================================
PIPELINE SUMMARY
============================================================
  2004-12-31  COLD_START  champion=2004-12-31  F1(champ)=0.1163  F1(chall)=—
  2005-12-31  PROMOTED    champion=2005-12-31  F1(champ)=0.0763  F1(chall)=0.1125
  2006-12-31  RETAINED    champion=2005-12-31  F1(champ)=0.1176  F1(chall)=0.087
  2007-12-31  PROMOTED    champion=2007-12-31  F1(champ)=0.1221  F1(chall)=0.1487
  2008-12-31  PROMOTED    champion=2008-12-31  F1(champ)=0.1865  F1(chall)=0.2762
